<?xml version="1.0" encoding="UTF-8"?>
<testsuite xmlns:xsi="http://www.w3.org/2001/XMLSchema-instance" xsi:noNamespaceSchemaLocation="https://maven.apache.org/surefire/maven-surefire-plugin/xsd/surefire-test-report-3.0.xsd" version="3.0" name="com.techacademy.controller.EmployeeControllerTest" time="9.654" tests="13" errors="0" skipped="0" failures="0">
  <properties>
[...]
</properties>
  <testcase name="testList" classname="com.techacademy.controller.EmployeeControllerTest" time="1.289">
    <system-out><![CDATA[18:15:55.986 [main] INFO org.springframework.test.context.support.AnnotationConfigContextLoaderUtils -- Could not detect default configuration classes for test class [com.techacademy.controller.EmployeeControllerTest]: EmployeeControllerTest does not declare any static, non-private, non-final, nested classes annotated with @Configuration.
18:15:56.198 [main] INFO org.springframework.boot.test.context.SpringBootTestContextBootstrapper -- Found @SpringBootConfiguration com.techacademy.DailyReportSystemApplication for test class com.techacademy.controller.EmployeeControllerTest
18:15:56.382 [main] INFO org.springframework.boot.devtools.restart.RestartApplicationListener -- Restart disabled due to context in which it is running

  .   ____          _            __ _ _
 /\\ / ___'_ __ _ _(_)_ __  __ _ \ \ \ \
( ( )\___ | '_ | '_| | '_ \/ _` | \ \ \ \
 \\/  ___)| |_)| | | | | || (_| |  ) ) ) )
  '  |____| .__|_| |_|_| |_\__, | / / / /
 =========|_|==============|___/=/_/_/_/
 :: Spring Boot ::                (v3.2.0)

2024-03-24T18:15:56.817+09:00  INFO 30014 --- [           main] c.t.controller.EmployeeControllerTest    : Starting EmployeeControllerTest using Java 17.0.5 with PID 30014 (started by takumi in /Users/takumi/Downloads/lyta-dailyreport-system)
2024-03-24T18:15:56.821+09:00  INFO 30014 --- [           main] c.t.controller.EmployeeControllerTest    : No active profile set, falling back to 1 default profile: "default"
2024-03-24T18:15:58.214+09:00  INFO 30014 --- [           main] .s.d.r.c.RepositoryConfigurationDelegate : Bootstrapping Spring Data JPA repositories in DEFAULT mode.
2024-03-24T18:15:58.283+09:00  INFO 30014 --- [           main] .s.d.r.c.RepositoryConfigurationDelegate : Finished Spring Data repository scanning in 62 ms. Found 2 JPA repository interfaces.
2024-03-24T18:15:59.151+09:00  INFO 30014 --- [           main] o.hibernate.jpa.internal.util.LogHelper  : HHH000204: Processing PersistenceUnitInfo [name: default]
2024-03-24T18:15:59.210+09:00  INFO 30014 --- [           main] org.hibernate.Version                    : HHH000412: Hibernate ORM core version 6.3.1.Final
2024-03-24T18:15:59.247+09:00  INFO 30014 --- [           main] o.h.c.internal.RegionFactoryInitiator    : HHH000026: Second-level cache disabled
2024-03-24T18:15:59.515+09:00  INFO 30014 --- [           main] o.s.o.j.p.SpringPersistenceUnitInfo      : No LoadTimeWeaver setup: ignoring JPA class transformer
2024-03-24T18:15:59.568+09:00  INFO 30014 --- [           main] com.zaxxer.hikari.HikariDataSource       : HikariPool-1 - Starting...
2024-03-24T18:15:59.835+09:00  INFO 30014 --- [           main] com.zaxxer.hikari.pool.HikariPool        : HikariPool-1 - Added connection com.mysql.cj.jdbc.ConnectionImpl@108b121f
2024-03-24T18:15:59.837+09:00  INFO 30014 --- [           main] com.zaxxer.hikari.HikariDataSource       : HikariPool-1 - Start completed.
2024-03-24T18:16:00.840+09:00  INFO 30014 --- [           main] o.h.e.t.j.p.i.JtaPlatformInitiator       : HHH000489: No JTA platform available (set 'hibernate.transaction.jta.platform' to enable JTA platform integration)
Hibernate: alter table reports drop foreign key FKml3syulw48umvbjfdaeqawq3b
Hibernate: drop table if exists employees
Hibernate: drop table if exists reports
Hibernate: create table employees (delete_flg TINYINT not null, created_at datetime(6) not null, updated_at datetime(6) not null, code varchar(10) not null, name varchar(20) not null, password varchar(255) not null, role VARCHAR(10) not null, primary key (code)) engine=InnoDB
Hibernate: create table reports (delete_flg TINYINT not null, id integer not null auto_increment, report_date date not null, created_at datetime(6) not null, updated_at datetime(6) not null, employee_code varchar(10) not null, content varchar(20) not null, title varchar(20) not null, primary key (id)) engine=InnoDB
Hibernate: alter table reports add constraint FKml3syulw48umvbjfdaeqawq3b foreign key (employee_code) references employees (code)
2024-03-24T18:16:00.950+09:00  INFO 30014 --- [           main] j.LocalContainerEntityManagerFactoryBean : Initialized JPA EntityManagerFactory for persistence unit 'default'
2024-03-24T18:16:01.804+09:00  WARN 30014 --- [           main] JpaBaseConfiguration$JpaWebConfiguration : spring.jpa.open-in-view is enabled by default. Therefore, database queries may be performed during view rendering. Explicitly configure spring.jpa.open-in-view to disable this warning
2024-03-24T18:16:02.416+09:00  INFO 30014 --- [           main] o.s.s.web.DefaultSecurityFilterChain     : Will secure any request with [org.springframework.security.web.session.DisableEncodeUrlFilter@4f93a8f6, org.springframework.security.web.context.request.async.WebAsyncManagerIntegrationFilter@492d38a2, org.springframework.security.web.context.SecurityContextHolderFilter@2dbc66f0, org.springframework.security.web.header.HeaderWriterFilter@11a29c0, org.springframework.web.filter.CorsFilter@3fc2e100, org.springframework.security.web.csrf.CsrfFilter@65a3d7c9, org.springframework.security.web.authentication.logout.LogoutFilter@5058fefb, org.springframework.security.web.authentication.UsernamePasswordAuthenticationFilter@27ea552d, org.springframework.security.web.savedrequest.RequestCacheAwareFilter@47800bd7, org.springframework.security.web.servletapi.SecurityContextHolderAwareRequestFilter@4c57ca10, org.springframework.security.web.authentication.AnonymousAuthenticationFilter@31885b4b, org.springframework.security.web.access.ExceptionTranslationFilter@13f17b8f, org.springframework.security.web.access.intercept.AuthorizationFilter@6f53295e]
2024-03-24T18:16:03.093+09:00  INFO 30014 --- [           main] o.s.b.t.m.w.SpringBootMockServletContext : Initializing Spring TestDispatcherServlet ''
2024-03-24T18:16:03.094+09:00  INFO 30014 --- [           main] o.s.t.web.servlet.TestDispatcherServlet  : Initializing Servlet ''
2024-03-24T18:16:03.097+09:00  INFO 30014 --- [           main] o.s.t.web.servlet.TestDispatcherServlet  : Completed initialization in 1 ms
2024-03-24T18:16:03.150+09:00  INFO 30014 --- [           main] c.t.controller.EmployeeControllerTest    : Started EmployeeControllerTest in 6.784 seconds (process running for 8.326)
2024-03-24T18:16:03.850+09:00  INFO 30014 --- [           main] o.s.b.t.m.w.SpringBootMockServletContext : Initializing Spring TestDispatcherServlet ''
2024-03-24T18:16:03.852+09:00  INFO 30014 --- [           main] o.s.t.web.servlet.TestDispatcherServlet  : Initializing Servlet ''
2024-03-24T18:16:03.854+09:00  INFO 30014 --- [           main] o.s.t.web.servlet.TestDispatcherServlet  : Completed initialization in 1 ms
2024-03-24T18:16:03.884+09:00  WARN 30014 --- [           main] o.s.w.s.h.HandlerMappingIntrospector     : Cache miss for REQUEST dispatch to '/employees' (previous null). Performing CorsConfiguration lookup. This is logged once only at WARN level, and every time at TRACE.
Hibernate: select e1_0.code,e1_0.created_at,e1_0.delete_flg,e1_0.name,e1_0.password,e1_0.role,e1_0.updated_at from employees e1_0 where (e1_0.delete_flg = 0)
Hibernate: select e1_0.code,e1_0.created_at,e1_0.delete_flg,e1_0.name,e1_0.password,e1_0.role,e1_0.updated_at from employees e1_0 where (e1_0.delete_flg = 0)
2024-03-24T18:16:04.287+09:00  WARN 30014 --- [           main] actStandardFragmentInsertionTagProcessor : [THYMELEAF][main][employees/list] Deprecated unwrapped fragment expression "common/header :: head_fragment(title=従業員一覧)" found in template employees/list, line 4, col 7. Please use the complete syntax of fragment expressions instead ("~{common/header :: head_fragment(title=従業員一覧)}"). The old, unwrapped syntax for fragment expressions will be removed in future versions of Thymeleaf.
2024-03-24T18:16:04.390+09:00  WARN 30014 --- [           main] actStandardFragmentInsertionTagProcessor : [THYMELEAF][main][employees/list] Deprecated unwrapped fragment expression "common/side :: copy" found in template employees/list, line 9, col 18. Please use the complete syntax of fragment expressions instead ("~{common/side :: copy}"). The old, unwrapped syntax for fragment expressions will be removed in future versions of Thymeleaf.
]]></system-out>
  </testcase>
  <testcase name="testDeleteSuccess1" classname="com.techacademy.controller.EmployeeControllerTest" time="0.2">
    <system-out><![CDATA[2024-03-24T18:16:04.523+09:00  INFO 30014 --- [           main] o.s.b.t.m.w.SpringBootMockServletContext : Initializing Spring TestDispatcherServlet ''
2024-03-24T18:16:04.524+09:00  INFO 30014 --- [           main] o.s.t.web.servlet.TestDispatcherServlet  : Initializing Servlet ''
2024-03-24T18:16:04.526+09:00  INFO 30014 --- [           main] o.s.t.web.servlet.TestDispatcherServlet  : Completed initialization in 2 ms
Hibernate: select e1_0.code,e1_0.created_at,e1_0.delete_flg,e1_0.name,e1_0.password,e1_0.role,e1_0.updated_at from employees e1_0 where e1_0.code=? and (e1_0.delete_flg = 0)
Hibernate: select r1_0.id,r1_0.content,r1_0.created_at,r1_0.delete_flg,r1_0.employee_code,r1_0.report_date,r1_0.title,r1_0.updated_at from reports r1_0 where (r1_0.delete_flg = 0) and r1_0.employee_code=?
]]></system-out>
  </testcase>
  <testcase name="testDeleteSuccess2" classname="com.techacademy.controller.EmployeeControllerTest" time="0.028">
    <system-out><![CDATA[2024-03-24T18:16:04.712+09:00  INFO 30014 --- [           main] o.s.b.t.m.w.SpringBootMockServletContext : Initializing Spring TestDispatcherServlet ''
2024-03-24T18:16:04.712+09:00  INFO 30014 --- [           main] o.s.t.web.servlet.TestDispatcherServlet  : Initializing Servlet ''
2024-03-24T18:16:04.713+09:00  INFO 30014 --- [           main] o.s.t.web.servlet.TestDispatcherServlet  : Completed initialization in 1 ms
Hibernate: select e1_0.code,e1_0.created_at,e1_0.delete_flg,e1_0.name,e1_0.password,e1_0.role,e1_0.updated_at from employees e1_0 where e1_0.code=? and (e1_0.delete_flg = 0)
Hibernate: select r1_0.id,r1_0.content,r1_0.created_at,r1_0.delete_flg,r1_0.employee_code,r1_0.report_date,r1_0.title,r1_0.updated_at from reports r1_0 where (r1_0.delete_flg = 0) and r1_0.employee_code=?
]]></system-out>
  </testcase>
  <testcase name="testAddSuccess" classname="com.techacademy.controller.EmployeeControllerTest" time="0.221">
    <system-out><![CDATA[2024-03-24T18:16:04.738+09:00  INFO 30014 --- [           main] o.s.b.t.m.w.SpringBootMockServletContext : Initializing Spring TestDispatcherServlet ''
2024-03-24T18:16:04.738+09:00  INFO 30014 --- [           main] o.s.t.web.servlet.TestDispatcherServlet  : Initializing Servlet ''
2024-03-24T18:16:04.740+09:00  INFO 30014 --- [           main] o.s.t.web.servlet.TestDispatcherServlet  : Completed initialization in 2 ms
Hibernate: select e1_0.code,e1_0.created_at,e1_0.delete_flg,e1_0.name,e1_0.password,e1_0.role,e1_0.updated_at from employees e1_0 where e1_0.code=? and (e1_0.delete_flg = 0)
Hibernate: select e1_0.code,e1_0.created_at,e1_0.delete_flg,e1_0.name,e1_0.password,e1_0.role,e1_0.updated_at,rl1_0.employee_code,rl1_0.id,rl1_0.content,rl1_0.created_at,rl1_0.delete_flg,rl1_0.report_date,rl1_0.title,rl1_0.updated_at from employees e1_0 left join reports rl1_0 on e1_0.code=rl1_0.employee_code and (rl1_0.delete_flg = 0)  and (rl1_0.delete_flg = 0)  where e1_0.code=? and (e1_0.delete_flg = 0)
]]></system-out>
  </testcase>
  <testcase name="testDeleteError1" classname="com.techacademy.controller.EmployeeControllerTest" time="0.064">
    <system-out><![CDATA[2024-03-24T18:16:04.972+09:00  INFO 30014 --- [           main] o.s.b.t.m.w.SpringBootMockServletContext : Initializing Spring TestDispatcherServlet ''
2024-03-24T18:16:04.973+09:00  INFO 30014 --- [           main] o.s.t.web.servlet.TestDispatcherServlet  : Initializing Servlet ''
2024-03-24T18:16:04.974+09:00  INFO 30014 --- [           main] o.s.t.web.servlet.TestDispatcherServlet  : Completed initialization in 1 ms
Hibernate: select e1_0.code,e1_0.created_at,e1_0.delete_flg,e1_0.name,e1_0.password,e1_0.role,e1_0.updated_at from employees e1_0 where e1_0.code=? and (e1_0.delete_flg = 0)
2024-03-24T18:16:05.000+09:00  WARN 30014 --- [           main] actStandardFragmentInsertionTagProcessor : [THYMELEAF][main][employees/detail] Deprecated unwrapped fragment expression "common/header :: head_fragment(title=従業員詳細)" found in template employees/detail, line 4, col 7. Please use the complete syntax of fragment expressions instead ("~{common/header :: head_fragment(title=従業員詳細)}"). The old, unwrapped syntax for fragment expressions will be removed in future versions of Thymeleaf.
2024-03-24T18:16:05.003+09:00  WARN 30014 --- [           main] actStandardFragmentInsertionTagProcessor : [THYMELEAF][main][employees/detail] Deprecated unwrapped fragment expression "common/side :: copy" found in template employees/detail, line 9, col 18. Please use the complete syntax of fragment expressions instead ("~{common/side :: copy}"). The old, unwrapped syntax for fragment expressions will be removed in future versions of Thymeleaf.
]]></system-out>
  </testcase>
  <testcase name="testAddError1" classname="com.techacademy.controller.EmployeeControllerTest" time="0.068">
    <system-out><![CDATA[2024-03-24T18:16:05.032+09:00  INFO 30014 --- [           main] o.s.b.t.m.w.SpringBootMockServletContext : Initializing Spring TestDispatcherServlet ''
2024-03-24T18:16:05.032+09:00  INFO 30014 --- [           main] o.s.t.web.servlet.TestDispatcherServlet  : Initializing Servlet ''
2024-03-24T18:16:05.033+09:00  INFO 30014 --- [           main] o.s.t.web.servlet.TestDispatcherServlet  : Completed initialization in 1 ms
2024-03-24T18:16:05.062+09:00  WARN 30014 --- [           main] actStandardFragmentInsertionTagProcessor : [THYMELEAF][main][employees/new] Deprecated unwrapped fragment expression "common/header :: head_fragment(title=従業員新規登録)" found in template employees/new, line 4, col 7. Please use the complete syntax of fragment expressions instead ("~{common/header :: head_fragment(title=従業員新規登録)}"). The old, unwrapped syntax for fragment expressions will be removed in future versions of Thymeleaf.
2024-03-24T18:16:05.064+09:00  WARN 30014 --- [           main] actStandardFragmentInsertionTagProcessor : [THYMELEAF][main][employees/new] Deprecated unwrapped fragment expression "common/side :: copy" found in template employees/new, line 9, col 18. Please use the complete syntax of fragment expressions instead ("~{common/side :: copy}"). The old, unwrapped syntax for fragment expressions will be removed in future versions of Thymeleaf.
]]></system-out>
  </testcase>
  <testcase name="testAddError2" classname="com.techacademy.controller.EmployeeControllerTest" time="0.022">
    <system-out><![CDATA[2024-03-24T18:16:05.102+09:00  INFO 30014 --- [           main] o.s.b.t.m.w.SpringBootMockServletContext : Initializing Spring TestDispatcherServlet ''
2024-03-24T18:16:05.103+09:00  INFO 30014 --- [           main] o.s.t.web.servlet.TestDispatcherServlet  : Initializing Servlet ''
2024-03-24T18:16:05.103+09:00  INFO 30014 --- [           main] o.s.t.web.servlet.TestDispatcherServlet  : Completed initialization in 0 ms
2024-03-24T18:16:05.107+09:00  WARN 30014 --- [           main] actStandardFragmentInsertionTagProcessor : [THYMELEAF][main][employees/new] Deprecated unwrapped fragment expression "common/header :: head_fragment(title=従業員新規登録)" found in template employees/new, line 4, col 7. Please use the complete syntax of fragment expressions instead ("~{common/header :: head_fragment(title=従業員新規登録)}"). The old, unwrapped syntax for fragment expressions will be removed in future versions of Thymeleaf.
2024-03-24T18:16:05.108+09:00  WARN 30014 --- [           main] actStandardFragmentInsertionTagProcessor : [THYMELEAF][main][employees/new] Deprecated unwrapped fragment expression "common/side :: copy" found in template employees/new, line 9, col 18. Please use the complete syntax of fragment expressions instead ("~{common/side :: copy}"). The old, unwrapped syntax for fragment expressions will be removed in future versions of Thymeleaf.
]]></system-out>
  </testcase>
  <testcase name="testAddError3" classname="com.techacademy.controller.EmployeeControllerTest" time="0.111">
    <system-out><![CDATA[2024-03-24T18:16:05.128+09:00  INFO 30014 --- [           main] o.s.b.t.m.w.SpringBootMockServletContext : Initializing Spring TestDispatcherServlet ''
2024-03-24T18:16:05.128+09:00  INFO 30014 --- [           main] o.s.t.web.servlet.TestDispatcherServlet  : Initializing Servlet ''
2024-03-24T18:16:05.129+09:00  INFO 30014 --- [           main] o.s.t.web.servlet.TestDispatcherServlet  : Completed initialization in 1 ms
Hibernate: select e1_0.code,e1_0.created_at,e1_0.delete_flg,e1_0.name,e1_0.password,e1_0.role,e1_0.updated_at from employees e1_0 where e1_0.code=? and (e1_0.delete_flg = 0)
2024-03-24T18:16:05.224+09:00  WARN 30014 --- [           main] actStandardFragmentInsertionTagProcessor : [THYMELEAF][main][employees/new] Deprecated unwrapped fragment expression "common/header :: head_fragment(title=従業員新規登録)" found in template employees/new, line 4, col 7. Please use the complete syntax of fragment expressions instead ("~{common/header :: head_fragment(title=従業員新規登録)}"). The old, unwrapped syntax for fragment expressions will be removed in future versions of Thymeleaf.
2024-03-24T18:16:05.225+09:00  WARN 30014 --- [           main] actStandardFragmentInsertionTagProcessor : [THYMELEAF][main][employees/new] Deprecated unwrapped fragment expression "common/side :: copy" found in template employees/new, line 9, col 18. Please use the complete syntax of fragment expressions instead ("~{common/side :: copy}"). The old, unwrapped syntax for fragment expressions will be removed in future versions of Thymeleaf.
]]></system-out>
  </testcase>
  <testcase name="testAddError4" classname="com.techacademy.controller.EmployeeControllerTest" time="0.032">
    <system-out><![CDATA[2024-03-24T18:16:05.240+09:00  INFO 30014 --- [           main] o.s.b.t.m.w.SpringBootMockServletContext : Initializing Spring TestDispatcherServlet ''
2024-03-24T18:16:05.240+09:00  INFO 30014 --- [           main] o.s.t.web.servlet.TestDispatcherServlet  : Initializing Servlet ''
2024-03-24T18:16:05.241+09:00  INFO 30014 --- [           main] o.s.t.web.servlet.TestDispatcherServlet  : Completed initialization in 0 ms
2024-03-24T18:16:05.252+09:00  WARN 30014 --- [           main] actStandardFragmentInsertionTagProcessor : [THYMELEAF][main][employees/new] Deprecated unwrapped fragment expression "common/header :: head_fragment(title=従業員新規登録)" found in template employees/new, line 4, col 7. Please use the complete syntax of fragment expressions instead ("~{common/header :: head_fragment(title=従業員新規登録)}"). The old, unwrapped syntax for fragment expressions will be removed in future versions of Thymeleaf.
2024-03-24T18:16:05.254+09:00  WARN 30014 --- [           main] actStandardFragmentInsertionTagProcessor : [THYMELEAF][main][employees/new] Deprecated unwrapped fragment expression "common/side :: copy" found in template employees/new, line 9, col 18. Please use the complete syntax of fragment expressions instead ("~{common/side :: copy}"). The old, unwrapped syntax for fragment expressions will be removed in future versions of Thymeleaf.
]]></system-out>
  </testcase>
  <testcase name="testAddError5" classname="com.techacademy.controller.EmployeeControllerTest" time="0.023">
    <system-out><![CDATA[2024-03-24T18:16:05.274+09:00  INFO 30014 --- [           main] o.s.b.t.m.w.SpringBootMockServletContext : Initializing Spring TestDispatcherServlet ''
2024-03-24T18:16:05.274+09:00  INFO 30014 --- [           main] o.s.t.web.servlet.TestDispatcherServlet  : Initializing Servlet ''
2024-03-24T18:16:05.274+09:00  INFO 30014 --- [           main] o.s.t.web.servlet.TestDispatcherServlet  : Completed initialization in 0 ms
2024-03-24T18:16:05.281+09:00  WARN 30014 --- [           main] actStandardFragmentInsertionTagProcessor : [THYMELEAF][main][employees/new] Deprecated unwrapped fragment expression "common/header :: head_fragment(title=従業員新規登録)" found in template employees/new, line 4, col 7. Please use the complete syntax of fragment expressions instead ("~{common/header :: head_fragment(title=従業員新規登録)}"). The old, unwrapped syntax for fragment expressions will be removed in future versions of Thymeleaf.
2024-03-24T18:16:05.283+09:00  WARN 30014 --- [           main] actStandardFragmentInsertionTagProcessor : [THYMELEAF][main][employees/new] Deprecated unwrapped fragment expression "common/side :: copy" found in template employees/new, line 9, col 18. Please use the complete syntax of fragment expressions instead ("~{common/side :: copy}"). The old, unwrapped syntax for fragment expressions will be removed in future versions of Thymeleaf.
]]></system-out>
  </testcase>
  <testcase name="testAddError6" classname="com.techacademy.controller.EmployeeControllerTest" time="0.029">
    <system-out><![CDATA[2024-03-24T18:16:05.299+09:00  INFO 30014 --- [           main] o.s.b.t.m.w.SpringBootMockServletContext : Initializing Spring TestDispatcherServlet ''
2024-03-24T18:16:05.302+09:00  INFO 30014 --- [           main] o.s.t.web.servlet.TestDispatcherServlet  : Initializing Servlet ''
2024-03-24T18:16:05.302+09:00  INFO 30014 --- [           main] o.s.t.web.servlet.TestDispatcherServlet  : Completed initialization in 0 ms
2024-03-24T18:16:05.309+09:00  WARN 30014 --- [           main] actStandardFragmentInsertionTagProcessor : [THYMELEAF][main][employees/new] Deprecated unwrapped fragment expression "common/header :: head_fragment(title=従業員新規登録)" found in template employees/new, line 4, col 7. Please use the complete syntax of fragment expressions instead ("~{common/header :: head_fragment(title=従業員新規登録)}"). The old, unwrapped syntax for fragment expressions will be removed in future versions of Thymeleaf.
2024-03-24T18:16:05.313+09:00  WARN 30014 --- [           main] actStandardFragmentInsertionTagProcessor : [THYMELEAF][main][employees/new] Deprecated unwrapped fragment expression "common/side :: copy" found in template employees/new, line 9, col 18. Please use the complete syntax of fragment expressions instead ("~{common/side :: copy}"). The old, unwrapped syntax for fragment expressions will be removed in future versions of Thymeleaf.
]]></system-out>
  </testcase>
  <testcase name="testCreate" classname="com.techacademy.controller.EmployeeControllerTest" time="0.029">
    <system-out><![CDATA[2024-03-24T18:16:05.329+09:00  INFO 30014 --- [           main] o.s.b.t.m.w.SpringBootMockServletContext : Initializing Spring TestDispatcherServlet ''
2024-03-24T18:16:05.329+09:00  INFO 30014 --- [           main] o.s.t.web.servlet.TestDispatcherServlet  : Initializing Servlet ''
2024-03-24T18:16:05.330+09:00  INFO 30014 --- [           main] o.s.t.web.servlet.TestDispatcherServlet  : Completed initialization in 1 ms
2024-03-24T18:16:05.340+09:00  WARN 30014 --- [           main] actStandardFragmentInsertionTagProcessor : [THYMELEAF][main][employees/new] Deprecated unwrapped fragment expression "common/header :: head_fragment(title=従業員新規登録)" found in template employees/new, line 4, col 7. Please use the complete syntax of fragment expressions instead ("~{common/header :: head_fragment(title=従業員新規登録)}"). The old, unwrapped syntax for fragment expressions will be removed in future versions of Thymeleaf.
2024-03-24T18:16:05.342+09:00  WARN 30014 --- [           main] actStandardFragmentInsertionTagProcessor : [THYMELEAF][main][employees/new] Deprecated unwrapped fragment expression "common/side :: copy" found in template employees/new, line 9, col 18. Please use the complete syntax of fragment expressions instead ("~{common/side :: copy}"). The old, unwrapped syntax for fragment expressions will be removed in future versions of Thymeleaf.
]]></system-out>
  </testcase>
  <testcase name="testDetail" classname="com.techacademy.controller.EmployeeControllerTest" time="0.024">
    <system-out><![CDATA[2024-03-24T18:16:05.363+09:00  INFO 30014 --- [           main] o.s.b.t.m.w.SpringBootMockServletContext : Initializing Spring TestDispatcherServlet ''
2024-03-24T18:16:05.363+09:00  INFO 30014 --- [           main] o.s.t.web.servlet.TestDispatcherServlet  : Initializing Servlet ''
2024-03-24T18:16:05.364+09:00  INFO 30014 --- [           main] o.s.t.web.servlet.TestDispatcherServlet  : Completed initialization in 1 ms
Hibernate: select e1_0.code,e1_0.created_at,e1_0.delete_flg,e1_0.name,e1_0.password,e1_0.role,e1_0.updated_at from employees e1_0 where e1_0.code=? and (e1_0.delete_flg = 0)
2024-03-24T18:16:05.372+09:00  WARN 30014 --- [           main] actStandardFragmentInsertionTagProcessor : [THYMELEAF][main][employees/detail] Deprecated unwrapped fragment expression "common/header :: head_fragment(title=従業員詳細)" found in template employees/detail, line 4, col 7. Please use the complete syntax of fragment expressions instead ("~{common/header :: head_fragment(title=従業員詳細)}"). The old, unwrapped syntax for fragment expressions will be removed in future versions of Thymeleaf.
2024-03-24T18:16:05.373+09:00  WARN 30014 --- [           main] actStandardFragmentInsertionTagProcessor : [THYMELEAF][main][employees/detail] Deprecated unwrapped fragment expression "common/side :: copy" found in template employees/detail, line 9, col 18. Please use the complete syntax of fragment expressions instead ("~{common/side :: copy}"). The old, unwrapped syntax for fragment expressions will be removed in future versions of Thymeleaf.
]]></system-out>
  </testcase>
</testsuite>