<?xml version="1.0" encoding="UTF-8"?>
<testsuite xmlns:xsi="http://www.w3.org/2001/XMLSchema-instance" xsi:noNamespaceSchemaLocation="https://maven.apache.org/surefire/maven-surefire-plugin/xsd/surefire-test-report-3.0.xsd" version="3.0" name="com.techacademy.service.EmployeeServiceTest" time="1.656" tests="2" errors="0" skipped="0" failures="0">
  <properties>
[...]
</properties>
  <testcase name="testFindAll" classname="com.techacademy.service.EmployeeServiceTest" time="0.03">
    <system-out><![CDATA[2024-03-24T18:16:05.545+09:00  INFO 30014 --- [           main] t.c.s.AnnotationConfigContextLoaderUtils : Could not detect default configuration classes for test class [com.techacademy.service.EmployeeServiceTest]: EmployeeServiceTest does not declare any static, non-private, non-final, nested classes annotated with @Configuration.
2024-03-24T18:16:05.583+09:00  INFO 30014 --- [           main] .b.t.c.SpringBootTestContextBootstrapper : Found @SpringBootConfiguration com.techacademy.DailyReportSystemApplication for test class com.techacademy.service.EmployeeServiceTest
2024-03-24T18:16:05.592+09:00  INFO 30014 --- [           main] o.s.b.d.r.RestartApplicationListener     : Restart disabled due to context in which it is running

  .   ____          _            __ _ _
 /\\ / ___'_ __ _ _(_)_ __  __ _ \ \ \ \
( ( )\___ | '_ | '_| | '_ \/ _` | \ \ \ \
 \\/  ___)| |_)| | | | | || (_| |  ) ) ) )
  '  |____| .__|_| |_|_| |_\__, | / / / /
 =========|_|==============|___/=/_/_/_/
 :: Spring Boot ::                (v3.2.0)

2024-03-24T18:16:05.647+09:00  INFO 30014 --- [           main] c.t.service.EmployeeServiceTest          : Starting EmployeeServiceTest using Java 17.0.5 with PID 30014 (started by takumi in /Users/takumi/Downloads/lyta-dailyreport-system)
2024-03-24T18:16:05.647+09:00  INFO 30014 --- [           main] c.t.service.EmployeeServiceTest          : No active profile set, falling back to 1 default profile: "default"
2024-03-24T18:16:06.075+09:00  INFO 30014 --- [           main] .s.d.r.c.RepositoryConfigurationDelegate : Bootstrapping Spring Data JPA repositories in DEFAULT mode.
2024-03-24T18:16:06.120+09:00  INFO 30014 --- [           main] .s.d.r.c.RepositoryConfigurationDelegate : Finished Spring Data repository scanning in 40 ms. Found 2 JPA repository interfaces.
2024-03-24T18:16:06.331+09:00  INFO 30014 --- [           main] o.hibernate.jpa.internal.util.LogHelper  : HHH000204: Processing PersistenceUnitInfo [name: default]
2024-03-24T18:16:06.338+09:00  INFO 30014 --- [           main] o.h.c.internal.RegionFactoryInitiator    : HHH000026: Second-level cache disabled
2024-03-24T18:16:06.343+09:00  INFO 30014 --- [           main] o.s.o.j.p.SpringPersistenceUnitInfo      : No LoadTimeWeaver setup: ignoring JPA class transformer
2024-03-24T18:16:06.345+09:00  INFO 30014 --- [           main] com.zaxxer.hikari.HikariDataSource       : HikariPool-2 - Starting...
2024-03-24T18:16:06.356+09:00  INFO 30014 --- [           main] com.zaxxer.hikari.pool.HikariPool        : HikariPool-2 - Added connection com.mysql.cj.jdbc.ConnectionImpl@1ef6977b
2024-03-24T18:16:06.357+09:00  INFO 30014 --- [           main] com.zaxxer.hikari.HikariDataSource       : HikariPool-2 - Start completed.
2024-03-24T18:16:06.491+09:00  INFO 30014 --- [           main] o.h.e.t.j.p.i.JtaPlatformInitiator       : HHH000489: No JTA platform available (set 'hibernate.transaction.jta.platform' to enable JTA platform integration)
Hibernate: alter table reports drop foreign key FKml3syulw48umvbjfdaeqawq3b
Hibernate: drop table if exists employees
Hibernate: drop table if exists reports
Hibernate: create table employees (delete_flg TINYINT not null, created_at datetime(6) not null, updated_at datetime(6) not null, code varchar(10) not null, name varchar(20) not null, password varchar(255) not null, role VARCHAR(10) not null, primary key (code)) engine=InnoDB
Hibernate: create table reports (delete_flg TINYINT not null, id integer not null auto_increment, report_date date not null, created_at datetime(6) not null, updated_at datetime(6) not null, employee_code varchar(10) not null, content varchar(20) not null, title varchar(20) not null, primary key (id)) engine=InnoDB
Hibernate: alter table reports add constraint FKml3syulw48umvbjfdaeqawq3b foreign key (employee_code) references employees (code)
2024-03-24T18:16:06.542+09:00  INFO 30014 --- [           main] j.LocalContainerEntityManagerFactoryBean : Initialized JPA EntityManagerFactory for persistence unit 'default'
2024-03-24T18:16:06.769+09:00  WARN 30014 --- [           main] JpaBaseConfiguration$JpaWebConfiguration : spring.jpa.open-in-view is enabled by default. Therefore, database queries may be performed during view rendering. Explicitly configure spring.jpa.open-in-view to disable this warning
2024-03-24T18:16:06.940+09:00  INFO 30014 --- [           main] o.s.s.web.DefaultSecurityFilterChain     : Will secure any request with [org.springframework.security.web.session.DisableEncodeUrlFilter@25fa5c0c, org.springframework.security.web.context.request.async.WebAsyncManagerIntegrationFilter@22112da1, org.springframework.security.web.context.SecurityContextHolderFilter@4b477d05, org.springframework.security.web.header.HeaderWriterFilter@3ab26cad, org.springframework.web.filter.CorsFilter@6f0969db, org.springframework.security.web.csrf.CsrfFilter@13448d2d, org.springframework.security.web.authentication.logout.LogoutFilter@344d6bb3, org.springframework.security.web.authentication.UsernamePasswordAuthenticationFilter@2564410b, org.springframework.security.web.savedrequest.RequestCacheAwareFilter@7c5dbca5, org.springframework.security.web.servletapi.SecurityContextHolderAwareRequestFilter@6d6c4775, org.springframework.security.web.authentication.AnonymousAuthenticationFilter@38eb2140, org.springframework.security.web.access.ExceptionTranslationFilter@3444ac8f, org.springframework.security.web.access.intercept.AuthorizationFilter@7ab5b01a]
2024-03-24T18:16:07.139+09:00  INFO 30014 --- [           main] c.t.service.EmployeeServiceTest          : Started EmployeeServiceTest in 1.549 seconds (process running for 12.316)
Hibernate: select e1_0.code,e1_0.created_at,e1_0.delete_flg,e1_0.name,e1_0.password,e1_0.role,e1_0.updated_at from employees e1_0 where (e1_0.delete_flg = 0)
]]></system-out>
  </testcase>
  <testcase name="testFindByCode" classname="com.techacademy.service.EmployeeServiceTest" time="0.01">
    <system-out><![CDATA[Hibernate: select e1_0.code,e1_0.created_at,e1_0.delete_flg,e1_0.name,e1_0.password,e1_0.role,e1_0.updated_at from employees e1_0 where e1_0.code=? and (e1_0.delete_flg = 0)
Hibernate: select e1_0.code,e1_0.created_at,e1_0.delete_flg,e1_0.name,e1_0.password,e1_0.role,e1_0.updated_at from employees e1_0 where e1_0.code=? and (e1_0.delete_flg = 0)
]]></system-out>
  </testcase>
</testsuite>